<?xml version="1.0" encoding="UTF-8"?>
<!-- Generated by org.testng.reporters.JUnitReportReporter -->
<testsuite hostname="WA000034" failures="0" tests="3" name="Basics.PUT_Method" time="3.131" errors="0" timestamp="2023-09-17T11:51:14 IST" skipped="2">
  <testcase classname="Basics.PUT_Method" name="createallworkspaces" time="3.131"/>
  <system-out/>
  <testcase classname="Basics.PUT_Method" name="updateworkspace">
    <skipped/>
  </testcase> <!-- updateworkspace -->
  <system-out/>
  <testcase classname="Basics.PUT_Method" name="getallworkspaces">
    <skipped/>
  </testcase> <!-- getallworkspaces -->
  <system-out/>
</testsuite> <!-- Basics.PUT_Method -->
