<?xml version="1.0" encoding="UTF-8"?>
<!-- Generated by org.testng.reporters.JUnitReportReporter -->
<testsuite hostname="WA000034" failures="0" tests="2" name="Basics.DELETE_API" time="3.279" errors="0" timestamp="2023-09-17T11:50:30 IST" skipped="1">
  <testcase classname="Basics.DELETE_API" name="deleteworkspace" time="3.279"/>
  <system-out/>
  <testcase classname="Basics.DELETE_API" name="createallworkspaces">
    <skipped/>
  </testcase> <!-- createallworkspaces -->
  <system-out/>
</testsuite> <!-- Basics.DELETE_API -->
