<?xml version="1.0" encoding="UTF-8"?>
<!-- Generated by org.testng.reporters.JUnitReportReporter -->
<testsuite hostname="WA000034" failures="0" tests="1" name="Basics.GET_METHOD" time="5.107" errors="0" timestamp="2023-09-12T17:10:57 IST" skipped="0">
  <testcase classname="Basics.GET_METHOD" name="getmethod" time="5.107"/>
  <system-out/>
</testsuite> <!-- Basics.GET_METHOD -->
