<?xml version="1.0" encoding="UTF-8"?>
<!-- Generated by org.testng.reporters.JUnitReportReporter -->
<testsuite hostname="WA000034" failures="0" tests="1" name="Basics.REST_ASSIGNMENT_1" time="2.191" errors="0" timestamp="2023-09-17T12:12:02 IST" skipped="0">
  <testcase classname="Basics.REST_ASSIGNMENT_1" name="getallworkspaces" time="2.191"/>
  <system-out/>
</testsuite> <!-- Basics.REST_ASSIGNMENT_1 -->
