<?xml version="1.0" encoding="UTF-8"?>
<!-- Generated by org.testng.reporters.JUnitReportReporter -->
<testsuite hostname="WA000034" failures="0" tests="2" name="Basics.POST_METHOD" time="1.878" errors="0" timestamp="2023-09-14T19:33:26 IST" skipped="1">
  <testcase classname="Basics.POST_METHOD" name="getthecreateduser" time="1.878"/>
  <system-out/>
  <testcase classname="Basics.POST_METHOD" name="postmethodbasicexample">
    <skipped/>
  </testcase> <!-- postmethodbasicexample -->
  <system-out/>
</testsuite> <!-- Basics.POST_METHOD -->
