<?xml version="1.0" encoding="UTF-8"?>
<!-- Generated by org.testng.reporters.JUnitReportReporter -->
<testsuite hostname="WA000034" failures="0" tests="1" name="Basics.REST_ASSIGNMENT2" time="1.356" errors="0" timestamp="2023-09-17T13:28:47 IST" skipped="0">
  <testcase classname="Basics.REST_ASSIGNMENT2" name="fetchdatafromJson" time="1.356"/>
  <system-out/>
</testsuite> <!-- Basics.REST_ASSIGNMENT2 -->
